2025-06-22 18:50:46,038 WARNING Logger url_decoder was configured with False console stream
2025-06-22 18:50:46,041 INFO Processing state 'Aguascalientes'...
2025-06-22 18:50:46,094 INFO No articles found in gnews_Aguascalientes
2025-06-22 18:50:46,095 INFO Processing state 'Baja California Sur'...
2025-06-22 18:50:46,147 INFO No articles found in gnews_Baja California Sur
2025-06-22 18:50:46,147 INFO Processing state 'Campeche'...
2025-06-22 18:50:46,203 INFO No articles found in gnews_Campeche
2025-06-22 18:50:46,204 INFO Processing state 'Coahuila'...
2025-06-22 18:50:46,256 INFO No articles found in gnews_Coahuila
2025-06-22 18:50:46,257 INFO Processing state 'Colima'...
2025-06-22 18:50:46,309 INFO No articles found in gnews_Colima
2025-06-22 18:50:46,309 INFO Processing state 'Nayarit'...
2025-06-22 18:50:46,361 INFO No articles found in gnews_Nayarit
2025-06-22 18:50:46,361 INFO Processing state 'Sinaloa'...
2025-06-22 18:50:46,413 INFO No articles found in gnews_Sinaloa
2025-06-22 18:50:46,413 INFO Processing state 'Tabasco'...
2025-06-22 18:50:46,465 INFO No articles found in gnews_Tabasco
2025-06-22 18:50:46,465 INFO Processing state 'Tlaxcala'...
2025-06-22 18:50:46,516 INFO No articles found in gnews_Tlaxcala
2025-06-22 18:50:46,517 INFO Processing state 'Zacatecas'...
2025-06-22 18:50:46,568 INFO No articles found in gnews_Zacatecas
2025-06-22 18:50:52,106 WARNING Logger url_decoder was configured with False console stream
2025-06-22 18:50:52,107 INFO Processing state 'Aguascalientes'...
2025-06-22 18:50:52,158 INFO No articles found in gnews_Aguascalientes
2025-06-22 18:50:52,158 INFO Processing state 'Baja California Sur'...
2025-06-22 18:50:52,208 INFO No articles found in gnews_Baja California Sur
2025-06-22 18:50:52,208 INFO Processing state 'Campeche'...
2025-06-22 18:50:52,259 INFO No articles found in gnews_Campeche
2025-06-22 18:50:52,259 INFO Processing state 'Coahuila'...
2025-06-22 18:50:52,312 INFO No articles found in gnews_Coahuila
2025-06-22 18:50:52,312 INFO Processing state 'Colima'...
2025-06-22 18:50:52,362 INFO No articles found in gnews_Colima
2025-06-22 18:50:52,362 INFO Processing state 'Nayarit'...
2025-06-22 18:50:52,412 INFO No articles found in gnews_Nayarit
2025-06-22 18:50:52,412 INFO Processing state 'Sinaloa'...
2025-06-22 18:50:52,463 INFO No articles found in gnews_Sinaloa
2025-06-22 18:50:52,463 INFO Processing state 'Tabasco'...
2025-06-22 18:50:52,512 INFO No articles found in gnews_Tabasco
2025-06-22 18:50:52,513 INFO Processing state 'Tlaxcala'...
2025-06-22 18:50:52,563 INFO No articles found in gnews_Tlaxcala
2025-06-22 18:50:52,564 INFO Processing state 'Zacatecas'...
2025-06-22 18:50:52,614 INFO No articles found in gnews_Zacatecas
2025-06-22 18:51:04,252 WARNING Logger url_decoder was configured with False console stream
2025-06-22 18:51:05,185 INFO Processing state 'Aguascalientes'...
2025-06-22 18:51:42,617 WARNING Logger url_decoder was configured with False console stream
2025-06-22 18:51:47,247 INFO Processing state 'Guerrero'...
2025-06-22 18:51:51,202 INFO Start processing collection gnews_Guerrero with 1192 articles
