2025-06-09 10:47:15,886 WARNING Logger Mongo was configured with True console stream
2025-06-09 10:47:16,982 ERROR Can not connect to mongo client host: 206.81.16.39:27017: [Errno 61] Connection refused (configured timeouts: socketTimeoutMS: 20000.0ms, connectTimeoutMS: 20000.0ms), Timeout: 1.0s, Topology Description: <TopologyDescription id: 68469f930fae8144ca5efba5, topology_type: Unknown, servers: [<ServerDescription ('206.81.16.39', 27017) server_type: Unknown, rtt: None, error=AutoReconnect('206.81.16.39:27017: [Errno 61] Connection refused (configured timeouts: socketTimeoutMS: 20000.0ms, connectTimeoutMS: 20000.0ms)')>]>. Reconnecting.
2025-06-09 10:47:19,115 ERROR Can not connect to mongo client host: 206.81.16.39:27017: [Errno 61] Connection refused (configured timeouts: socketTimeoutMS: 20000.0ms, connectTimeoutMS: 20000.0ms), Timeout: 1.0s, Topology Description: <TopologyDescription id: 68469f930fae8144ca5efba5, topology_type: Unknown, servers: [<ServerDescription ('206.81.16.39', 27017) server_type: Unknown, rtt: None, error=AutoReconnect('206.81.16.39:27017: [Errno 61] Connection refused (configured timeouts: socketTimeoutMS: 20000.0ms, connectTimeoutMS: 20000.0ms)')>]>. Reconnecting.
2025-06-09 10:47:21,258 ERROR Can not connect to mongo client host: 206.81.16.39:27017: [Errno 61] Connection refused (configured timeouts: socketTimeoutMS: 20000.0ms, connectTimeoutMS: 20000.0ms), Timeout: 1.0s, Topology Description: <TopologyDescription id: 68469f930fae8144ca5efba5, topology_type: Unknown, servers: [<ServerDescription ('206.81.16.39', 27017) server_type: Unknown, rtt: None, error=AutoReconnect('206.81.16.39:27017: [Errno 61] Connection refused (configured timeouts: socketTimeoutMS: 20000.0ms, connectTimeoutMS: 20000.0ms)')>]>. Reconnecting.
2025-06-09 10:47:23,417 ERROR Can not connect to mongo client host: 206.81.16.39:27017: [Errno 61] Connection refused (configured timeouts: socketTimeoutMS: 20000.0ms, connectTimeoutMS: 20000.0ms), Timeout: 1.0s, Topology Description: <TopologyDescription id: 68469f930fae8144ca5efba5, topology_type: Unknown, servers: [<ServerDescription ('206.81.16.39', 27017) server_type: Unknown, rtt: None, error=AutoReconnect('206.81.16.39:27017: [Errno 61] Connection refused (configured timeouts: socketTimeoutMS: 20000.0ms, connectTimeoutMS: 20000.0ms)')>]>. Reconnecting.
2025-06-09 10:47:25,561 ERROR Can not connect to mongo client host: 206.81.16.39:27017: [Errno 61] Connection refused (configured timeouts: socketTimeoutMS: 20000.0ms, connectTimeoutMS: 20000.0ms), Timeout: 1.0s, Topology Description: <TopologyDescription id: 68469f930fae8144ca5efba5, topology_type: Unknown, servers: [<ServerDescription ('206.81.16.39', 27017) server_type: Unknown, rtt: None, error=AutoReconnect('206.81.16.39:27017: [Errno 61] Connection refused (configured timeouts: socketTimeoutMS: 20000.0ms, connectTimeoutMS: 20000.0ms)')>]>. Reconnecting.
2025-06-09 10:47:27,717 ERROR Can not connect to mongo client host: 206.81.16.39:27017: [Errno 61] Connection refused (configured timeouts: socketTimeoutMS: 20000.0ms, connectTimeoutMS: 20000.0ms), Timeout: 1.0s, Topology Description: <TopologyDescription id: 68469f930fae8144ca5efba5, topology_type: Unknown, servers: [<ServerDescription ('206.81.16.39', 27017) server_type: Unknown, rtt: None, error=AutoReconnect('206.81.16.39:27017: [Errno 61] Connection refused (configured timeouts: socketTimeoutMS: 20000.0ms, connectTimeoutMS: 20000.0ms)')>]>. Reconnecting.
2025-06-09 10:47:28,723 ERROR No serpapi_5y in database list or not connected
2025-06-09 10:47:28,725 ERROR Can not get collection serpapi_timeseries_MX-AGU_crisis,desempleo,pobreza from db: 'MongoWrapper' object has no attribute 'database'
2025-06-09 10:47:28,725 ERROR Can not get collection serpapi_timeseries_MX-AGU_conflictos,discriminación from db: 'MongoWrapper' object has no attribute 'database'
2025-06-09 10:47:28,726 ERROR Can not get collection serpapi_timeseries_MX-AGU_violencia,becas,escuela secundaria,enfermedad,centro de salud from db: 'MongoWrapper' object has no attribute 'database'
2025-06-09 10:47:28,726 ERROR Can not get collection serpapi_timeseries_MX-AGU_pensiones,seguro social,ayuda alimentaria,banco de alimentos,comedor comunitario from db: 'MongoWrapper' object has no attribute 'database'
2025-06-09 10:47:28,727 ERROR Can not get collection serpapi_timeseries_MX-AGU_comida barata,receta pobre,apoyo Infonavit,ayuda renta,renta barata from db: 'MongoWrapper' object has no attribute 'database'
2025-06-09 10:47:28,729 ERROR Can not get collection serpapi_timeseries_MX-AGU_servicios en la vivienda,vivienda del gobierno from db: 'MongoWrapper' object has no attribute 'database'
2025-06-09 10:47:28,729 ERROR Can not get collection serpapi_timeseries_MX-AGU_agua potable, FOVISSSTE from db: 'MongoWrapper' object has no attribute 'database'
2025-06-09 10:47:28,730 ERROR Can not get collection serpapi_timeseries_MX-AGU_tianguis, tiendeo, PromoDescuentos from db: 'MongoWrapper' object has no attribute 'database'
2025-06-09 10:47:28,731 ERROR Can not get collection serpapi_timeseries_MX-BCN_crisis,desempleo,pobreza from db: 'MongoWrapper' object has no attribute 'database'
2025-06-09 10:47:28,731 ERROR Can not get collection serpapi_timeseries_MX-BCN_conflictos,discriminación from db: 'MongoWrapper' object has no attribute 'database'
2025-06-09 10:47:28,732 ERROR Can not get collection serpapi_timeseries_MX-BCN_violencia,becas,escuela secundaria,enfermedad,centro de salud from db: 'MongoWrapper' object has no attribute 'database'
2025-06-09 10:47:28,733 ERROR Can not get collection serpapi_timeseries_MX-BCN_pensiones,seguro social,ayuda alimentaria,banco de alimentos,comedor comunitario from db: 'MongoWrapper' object has no attribute 'database'
2025-06-09 10:47:28,734 ERROR Can not get collection serpapi_timeseries_MX-BCN_comida barata,receta pobre,apoyo Infonavit,ayuda renta,renta barata from db: 'MongoWrapper' object has no attribute 'database'
2025-06-09 10:47:28,735 ERROR Can not get collection serpapi_timeseries_MX-BCN_servicios en la vivienda,vivienda del gobierno from db: 'MongoWrapper' object has no attribute 'database'
2025-06-09 10:47:28,735 ERROR Can not get collection serpapi_timeseries_MX-BCN_agua potable, FOVISSSTE from db: 'MongoWrapper' object has no attribute 'database'
2025-06-09 10:47:28,736 ERROR Can not get collection serpapi_timeseries_MX-BCN_tianguis, tiendeo, PromoDescuentos from db: 'MongoWrapper' object has no attribute 'database'
2025-06-09 10:47:28,736 ERROR Can not get collection serpapi_timeseries_MX-BCS_crisis,desempleo,pobreza from db: 'MongoWrapper' object has no attribute 'database'
2025-06-09 10:47:28,737 ERROR Can not get collection serpapi_timeseries_MX-BCS_conflictos,discriminación from db: 'MongoWrapper' object has no attribute 'database'
2025-06-09 10:47:28,738 ERROR Can not get collection serpapi_timeseries_MX-BCS_violencia,becas,escuela secundaria,enfermedad,centro de salud from db: 'MongoWrapper' object has no attribute 'database'
2025-06-09 10:47:28,738 ERROR Can not get collection serpapi_timeseries_MX-BCS_pensiones,seguro social,ayuda alimentaria,banco de alimentos,comedor comunitario from db: 'MongoWrapper' object has no attribute 'database'
2025-06-09 10:47:28,739 ERROR Can not get collection serpapi_timeseries_MX-BCS_comida barata,receta pobre,apoyo Infonavit,ayuda renta,renta barata from db: 'MongoWrapper' object has no attribute 'database'
2025-06-09 10:47:28,739 ERROR Can not get collection serpapi_timeseries_MX-BCS_servicios en la vivienda,vivienda del gobierno from db: 'MongoWrapper' object has no attribute 'database'
2025-06-09 10:47:28,740 ERROR Can not get collection serpapi_timeseries_MX-BCS_agua potable, FOVISSSTE from db: 'MongoWrapper' object has no attribute 'database'
2025-06-09 10:47:28,740 ERROR Can not get collection serpapi_timeseries_MX-BCS_tianguis, tiendeo, PromoDescuentos from db: 'MongoWrapper' object has no attribute 'database'
2025-06-09 10:47:28,741 ERROR Can not get collection serpapi_timeseries_MX-CAM_crisis,desempleo,pobreza from db: 'MongoWrapper' object has no attribute 'database'
2025-06-09 10:47:28,741 ERROR Can not get collection serpapi_timeseries_MX-CAM_conflictos,discriminación from db: 'MongoWrapper' object has no attribute 'database'
2025-06-09 10:47:28,742 ERROR Can not get collection serpapi_timeseries_MX-CAM_violencia,becas,escuela secundaria,enfermedad,centro de salud from db: 'MongoWrapper' object has no attribute 'database'
2025-06-09 10:47:28,742 ERROR Can not get collection serpapi_timeseries_MX-CAM_pensiones,seguro social,ayuda alimentaria,banco de alimentos,comedor comunitario from db: 'MongoWrapper' object has no attribute 'database'
2025-06-09 10:47:28,743 ERROR Can not get collection serpapi_timeseries_MX-CAM_comida barata,receta pobre,apoyo Infonavit,ayuda renta,renta barata from db: 'MongoWrapper' object has no attribute 'database'
2025-06-09 10:47:28,744 ERROR Can not get collection serpapi_timeseries_MX-CAM_servicios en la vivienda,vivienda del gobierno from db: 'MongoWrapper' object has no attribute 'database'
2025-06-09 10:47:28,744 ERROR Can not get collection serpapi_timeseries_MX-CAM_agua potable, FOVISSSTE from db: 'MongoWrapper' object has no attribute 'database'
2025-06-09 10:47:28,744 ERROR Can not get collection serpapi_timeseries_MX-CAM_tianguis, tiendeo, PromoDescuentos from db: 'MongoWrapper' object has no attribute 'database'
2025-06-09 10:47:28,744 ERROR Can not get collection serpapi_timeseries_MX-CHP_crisis,desempleo,pobreza from db: 'MongoWrapper' object has no attribute 'database'
2025-06-09 10:47:28,745 ERROR Can not get collection serpapi_timeseries_MX-CHP_conflictos,discriminación from db: 'MongoWrapper' object has no attribute 'database'
2025-06-09 10:47:28,746 ERROR Can not get collection serpapi_timeseries_MX-CHP_violencia,becas,escuela secundaria,enfermedad,centro de salud from db: 'MongoWrapper' object has no attribute 'database'
2025-06-09 10:47:28,746 ERROR Can not get collection serpapi_timeseries_MX-CHP_pensiones,seguro social,ayuda alimentaria,banco de alimentos,comedor comunitario from db: 'MongoWrapper' object has no attribute 'database'
2025-06-09 10:47:28,747 ERROR Can not get collection serpapi_timeseries_MX-CHP_comida barata,receta pobre,apoyo Infonavit,ayuda renta,renta barata from db: 'MongoWrapper' object has no attribute 'database'
2025-06-09 10:47:28,748 ERROR Can not get collection serpapi_timeseries_MX-CHP_servicios en la vivienda,vivienda del gobierno from db: 'MongoWrapper' object has no attribute 'database'
2025-06-09 10:47:28,748 ERROR Can not get collection serpapi_timeseries_MX-CHP_agua potable, FOVISSSTE from db: 'MongoWrapper' object has no attribute 'database'
2025-06-09 10:47:28,748 ERROR Can not get collection serpapi_timeseries_MX-CHP_tianguis, tiendeo, PromoDescuentos from db: 'MongoWrapper' object has no attribute 'database'
2025-06-09 10:47:28,749 ERROR Can not get collection serpapi_timeseries_MX-CHH_crisis,desempleo,pobreza from db: 'MongoWrapper' object has no attribute 'database'
2025-06-09 10:47:28,749 ERROR Can not get collection serpapi_timeseries_MX-CHH_conflictos,discriminación from db: 'MongoWrapper' object has no attribute 'database'
2025-06-09 10:47:28,750 ERROR Can not get collection serpapi_timeseries_MX-CHH_violencia,becas,escuela secundaria,enfermedad,centro de salud from db: 'MongoWrapper' object has no attribute 'database'
2025-06-09 10:47:28,750 ERROR Can not get collection serpapi_timeseries_MX-CHH_pensiones,seguro social,ayuda alimentaria,banco de alimentos,comedor comunitario from db: 'MongoWrapper' object has no attribute 'database'
2025-06-09 10:47:28,751 ERROR Can not get collection serpapi_timeseries_MX-CHH_comida barata,receta pobre,apoyo Infonavit,ayuda renta,renta barata from db: 'MongoWrapper' object has no attribute 'database'
2025-06-09 10:47:28,751 ERROR Can not get collection serpapi_timeseries_MX-CHH_servicios en la vivienda,vivienda del gobierno from db: 'MongoWrapper' object has no attribute 'database'
2025-06-09 10:47:28,752 ERROR Can not get collection serpapi_timeseries_MX-CHH_agua potable, FOVISSSTE from db: 'MongoWrapper' object has no attribute 'database'
2025-06-09 10:47:28,752 ERROR Can not get collection serpapi_timeseries_MX-CHH_tianguis, tiendeo, PromoDescuentos from db: 'MongoWrapper' object has no attribute 'database'
2025-06-09 10:47:28,752 ERROR Can not get collection serpapi_timeseries_MX-COA_crisis,desempleo,pobreza from db: 'MongoWrapper' object has no attribute 'database'
2025-06-09 10:47:28,753 ERROR Can not get collection serpapi_timeseries_MX-COA_conflictos,discriminación from db: 'MongoWrapper' object has no attribute 'database'
2025-06-09 10:47:28,753 ERROR Can not get collection serpapi_timeseries_MX-COA_violencia,becas,escuela secundaria,enfermedad,centro de salud from db: 'MongoWrapper' object has no attribute 'database'
2025-06-09 10:47:28,754 ERROR Can not get collection serpapi_timeseries_MX-COA_pensiones,seguro social,ayuda alimentaria,banco de alimentos,comedor comunitario from db: 'MongoWrapper' object has no attribute 'database'
2025-06-09 10:47:28,754 ERROR Can not get collection serpapi_timeseries_MX-COA_comida barata,receta pobre,apoyo Infonavit,ayuda renta,renta barata from db: 'MongoWrapper' object has no attribute 'database'
2025-06-09 10:47:28,755 ERROR Can not get collection serpapi_timeseries_MX-COA_servicios en la vivienda,vivienda del gobierno from db: 'MongoWrapper' object has no attribute 'database'
2025-06-09 10:47:28,755 ERROR Can not get collection serpapi_timeseries_MX-COA_agua potable, FOVISSSTE from db: 'MongoWrapper' object has no attribute 'database'
2025-06-09 10:47:28,755 ERROR Can not get collection serpapi_timeseries_MX-COA_tianguis, tiendeo, PromoDescuentos from db: 'MongoWrapper' object has no attribute 'database'
2025-06-09 10:47:28,756 ERROR Can not get collection serpapi_timeseries_MX-COL_crisis,desempleo,pobreza from db: 'MongoWrapper' object has no attribute 'database'
2025-06-09 10:47:28,757 ERROR Can not get collection serpapi_timeseries_MX-COL_conflictos,discriminación from db: 'MongoWrapper' object has no attribute 'database'
2025-06-09 10:47:28,758 ERROR Can not get collection serpapi_timeseries_MX-COL_violencia,becas,escuela secundaria,enfermedad,centro de salud from db: 'MongoWrapper' object has no attribute 'database'
2025-06-09 10:47:28,759 ERROR Can not get collection serpapi_timeseries_MX-COL_pensiones,seguro social,ayuda alimentaria,banco de alimentos,comedor comunitario from db: 'MongoWrapper' object has no attribute 'database'
2025-06-09 10:47:28,759 ERROR Can not get collection serpapi_timeseries_MX-COL_comida barata,receta pobre,apoyo Infonavit,ayuda renta,renta barata from db: 'MongoWrapper' object has no attribute 'database'
2025-06-09 10:47:28,760 ERROR Can not get collection serpapi_timeseries_MX-COL_servicios en la vivienda,vivienda del gobierno from db: 'MongoWrapper' object has no attribute 'database'
2025-06-09 10:47:28,761 ERROR Can not get collection serpapi_timeseries_MX-COL_agua potable, FOVISSSTE from db: 'MongoWrapper' object has no attribute 'database'
2025-06-09 10:47:28,761 ERROR Can not get collection serpapi_timeseries_MX-COL_tianguis, tiendeo, PromoDescuentos from db: 'MongoWrapper' object has no attribute 'database'
2025-06-09 10:47:28,761 ERROR Can not get collection serpapi_timeseries_MX-DUR_crisis,desempleo,pobreza from db: 'MongoWrapper' object has no attribute 'database'
2025-06-09 10:47:28,762 ERROR Can not get collection serpapi_timeseries_MX-DUR_conflictos,discriminación from db: 'MongoWrapper' object has no attribute 'database'
2025-06-09 10:47:28,763 ERROR Can not get collection serpapi_timeseries_MX-DUR_violencia,becas,escuela secundaria,enfermedad,centro de salud from db: 'MongoWrapper' object has no attribute 'database'
2025-06-09 10:47:28,763 ERROR Can not get collection serpapi_timeseries_MX-DUR_pensiones,seguro social,ayuda alimentaria,banco de alimentos,comedor comunitario from db: 'MongoWrapper' object has no attribute 'database'
2025-06-09 10:47:28,763 ERROR Can not get collection serpapi_timeseries_MX-DUR_comida barata,receta pobre,apoyo Infonavit,ayuda renta,renta barata from db: 'MongoWrapper' object has no attribute 'database'
2025-06-09 10:47:28,764 ERROR Can not get collection serpapi_timeseries_MX-DUR_servicios en la vivienda,vivienda del gobierno from db: 'MongoWrapper' object has no attribute 'database'
2025-06-09 10:47:28,764 ERROR Can not get collection serpapi_timeseries_MX-DUR_agua potable, FOVISSSTE from db: 'MongoWrapper' object has no attribute 'database'
2025-06-09 10:47:28,765 ERROR Can not get collection serpapi_timeseries_MX-DUR_tianguis, tiendeo, PromoDescuentos from db: 'MongoWrapper' object has no attribute 'database'
2025-06-09 10:47:28,766 ERROR Can not get collection serpapi_timeseries_MX-GUA_crisis,desempleo,pobreza from db: 'MongoWrapper' object has no attribute 'database'
2025-06-09 10:47:28,766 ERROR Can not get collection serpapi_timeseries_MX-GUA_conflictos,discriminación from db: 'MongoWrapper' object has no attribute 'database'
2025-06-09 10:47:28,766 ERROR Can not get collection serpapi_timeseries_MX-GUA_violencia,becas,escuela secundaria,enfermedad,centro de salud from db: 'MongoWrapper' object has no attribute 'database'
2025-06-09 10:47:28,767 ERROR Can not get collection serpapi_timeseries_MX-GUA_pensiones,seguro social,ayuda alimentaria,banco de alimentos,comedor comunitario from db: 'MongoWrapper' object has no attribute 'database'
2025-06-09 10:47:28,767 ERROR Can not get collection serpapi_timeseries_MX-GUA_comida barata,receta pobre,apoyo Infonavit,ayuda renta,renta barata from db: 'MongoWrapper' object has no attribute 'database'
2025-06-09 10:47:28,768 ERROR Can not get collection serpapi_timeseries_MX-GUA_servicios en la vivienda,vivienda del gobierno from db: 'MongoWrapper' object has no attribute 'database'
2025-06-09 10:47:28,769 ERROR Can not get collection serpapi_timeseries_MX-GUA_agua potable, FOVISSSTE from db: 'MongoWrapper' object has no attribute 'database'
2025-06-09 10:47:28,769 ERROR Can not get collection serpapi_timeseries_MX-GUA_tianguis, tiendeo, PromoDescuentos from db: 'MongoWrapper' object has no attribute 'database'
2025-06-09 10:47:28,769 ERROR Can not get collection serpapi_timeseries_MX-GRO_crisis,desempleo,pobreza from db: 'MongoWrapper' object has no attribute 'database'
2025-06-09 10:47:28,770 ERROR Can not get collection serpapi_timeseries_MX-GRO_conflictos,discriminación from db: 'MongoWrapper' object has no attribute 'database'
2025-06-09 10:47:28,770 ERROR Can not get collection serpapi_timeseries_MX-GRO_violencia,becas,escuela secundaria,enfermedad,centro de salud from db: 'MongoWrapper' object has no attribute 'database'
2025-06-09 10:47:28,771 ERROR Can not get collection serpapi_timeseries_MX-GRO_pensiones,seguro social,ayuda alimentaria,banco de alimentos,comedor comunitario from db: 'MongoWrapper' object has no attribute 'database'
2025-06-09 10:47:28,771 ERROR Can not get collection serpapi_timeseries_MX-GRO_comida barata,receta pobre,apoyo Infonavit,ayuda renta,renta barata from db: 'MongoWrapper' object has no attribute 'database'
2025-06-09 10:47:28,772 ERROR Can not get collection serpapi_timeseries_MX-GRO_servicios en la vivienda,vivienda del gobierno from db: 'MongoWrapper' object has no attribute 'database'
2025-06-09 10:47:28,772 ERROR Can not get collection serpapi_timeseries_MX-GRO_agua potable, FOVISSSTE from db: 'MongoWrapper' object has no attribute 'database'
2025-06-09 10:47:28,772 ERROR Can not get collection serpapi_timeseries_MX-GRO_tianguis, tiendeo, PromoDescuentos from db: 'MongoWrapper' object has no attribute 'database'
2025-06-09 10:47:28,773 ERROR Can not get collection serpapi_timeseries_MX-HID_crisis,desempleo,pobreza from db: 'MongoWrapper' object has no attribute 'database'
2025-06-09 10:47:28,773 ERROR Can not get collection serpapi_timeseries_MX-HID_conflictos,discriminación from db: 'MongoWrapper' object has no attribute 'database'
2025-06-09 10:47:28,774 ERROR Can not get collection serpapi_timeseries_MX-HID_violencia,becas,escuela secundaria,enfermedad,centro de salud from db: 'MongoWrapper' object has no attribute 'database'
2025-06-09 10:47:28,774 ERROR Can not get collection serpapi_timeseries_MX-HID_pensiones,seguro social,ayuda alimentaria,banco de alimentos,comedor comunitario from db: 'MongoWrapper' object has no attribute 'database'
2025-06-09 10:47:28,775 ERROR Can not get collection serpapi_timeseries_MX-HID_comida barata,receta pobre,apoyo Infonavit,ayuda renta,renta barata from db: 'MongoWrapper' object has no attribute 'database'
2025-06-09 10:47:28,802 ERROR Can not get collection serpapi_timeseries_MX-HID_servicios en la vivienda,vivienda del gobierno from db: 'MongoWrapper' object has no attribute 'database'
2025-06-09 10:47:28,810 ERROR Can not get collection serpapi_timeseries_MX-HID_agua potable, FOVISSSTE from db: 'MongoWrapper' object has no attribute 'database'
2025-06-09 10:47:28,811 ERROR Can not get collection serpapi_timeseries_MX-HID_tianguis, tiendeo, PromoDescuentos from db: 'MongoWrapper' object has no attribute 'database'
2025-06-09 10:47:28,811 ERROR Can not get collection serpapi_timeseries_MX-JAL_crisis,desempleo,pobreza from db: 'MongoWrapper' object has no attribute 'database'
2025-06-09 10:47:28,812 ERROR Can not get collection serpapi_timeseries_MX-JAL_conflictos,discriminación from db: 'MongoWrapper' object has no attribute 'database'
2025-06-09 10:47:28,815 ERROR Can not get collection serpapi_timeseries_MX-JAL_violencia,becas,escuela secundaria,enfermedad,centro de salud from db: 'MongoWrapper' object has no attribute 'database'
2025-06-09 10:47:28,815 ERROR Can not get collection serpapi_timeseries_MX-JAL_pensiones,seguro social,ayuda alimentaria,banco de alimentos,comedor comunitario from db: 'MongoWrapper' object has no attribute 'database'
2025-06-09 10:47:28,816 ERROR Can not get collection serpapi_timeseries_MX-JAL_comida barata,receta pobre,apoyo Infonavit,ayuda renta,renta barata from db: 'MongoWrapper' object has no attribute 'database'
2025-06-09 10:47:28,817 ERROR Can not get collection serpapi_timeseries_MX-JAL_servicios en la vivienda,vivienda del gobierno from db: 'MongoWrapper' object has no attribute 'database'
2025-06-09 10:47:28,817 ERROR Can not get collection serpapi_timeseries_MX-JAL_agua potable, FOVISSSTE from db: 'MongoWrapper' object has no attribute 'database'
2025-06-09 10:47:28,817 ERROR Can not get collection serpapi_timeseries_MX-JAL_tianguis, tiendeo, PromoDescuentos from db: 'MongoWrapper' object has no attribute 'database'
2025-06-09 10:47:28,818 ERROR Can not get collection serpapi_timeseries_MX-DIF_crisis,desempleo,pobreza from db: 'MongoWrapper' object has no attribute 'database'
2025-06-09 10:47:28,818 ERROR Can not get collection serpapi_timeseries_MX-DIF_conflictos,discriminación from db: 'MongoWrapper' object has no attribute 'database'
2025-06-09 10:47:28,818 ERROR Can not get collection serpapi_timeseries_MX-DIF_violencia,becas,escuela secundaria,enfermedad,centro de salud from db: 'MongoWrapper' object has no attribute 'database'
2025-06-09 10:47:28,819 ERROR Can not get collection serpapi_timeseries_MX-DIF_pensiones,seguro social,ayuda alimentaria,banco de alimentos,comedor comunitario from db: 'MongoWrapper' object has no attribute 'database'
2025-06-09 10:47:28,819 ERROR Can not get collection serpapi_timeseries_MX-DIF_comida barata,receta pobre,apoyo Infonavit,ayuda renta,renta barata from db: 'MongoWrapper' object has no attribute 'database'
2025-06-09 10:47:28,819 ERROR Can not get collection serpapi_timeseries_MX-DIF_servicios en la vivienda,vivienda del gobierno from db: 'MongoWrapper' object has no attribute 'database'
2025-06-09 10:47:28,819 ERROR Can not get collection serpapi_timeseries_MX-DIF_agua potable, FOVISSSTE from db: 'MongoWrapper' object has no attribute 'database'
2025-06-09 10:47:28,822 ERROR Can not get collection serpapi_timeseries_MX-DIF_tianguis, tiendeo, PromoDescuentos from db: 'MongoWrapper' object has no attribute 'database'
2025-06-09 10:47:28,822 ERROR Can not get collection serpapi_timeseries_MX-MIC_crisis,desempleo,pobreza from db: 'MongoWrapper' object has no attribute 'database'
2025-06-09 10:47:28,828 ERROR Can not get collection serpapi_timeseries_MX-MIC_conflictos,discriminación from db: 'MongoWrapper' object has no attribute 'database'
2025-06-09 10:47:28,829 ERROR Can not get collection serpapi_timeseries_MX-MIC_violencia,becas,escuela secundaria,enfermedad,centro de salud from db: 'MongoWrapper' object has no attribute 'database'
2025-06-09 10:47:28,830 ERROR Can not get collection serpapi_timeseries_MX-MIC_pensiones,seguro social,ayuda alimentaria,banco de alimentos,comedor comunitario from db: 'MongoWrapper' object has no attribute 'database'
2025-06-09 10:47:28,830 ERROR Can not get collection serpapi_timeseries_MX-MIC_comida barata,receta pobre,apoyo Infonavit,ayuda renta,renta barata from db: 'MongoWrapper' object has no attribute 'database'
2025-06-09 10:47:28,831 ERROR Can not get collection serpapi_timeseries_MX-MIC_servicios en la vivienda,vivienda del gobierno from db: 'MongoWrapper' object has no attribute 'database'
2025-06-09 10:47:28,831 ERROR Can not get collection serpapi_timeseries_MX-MIC_agua potable, FOVISSSTE from db: 'MongoWrapper' object has no attribute 'database'
2025-06-09 10:47:28,832 ERROR Can not get collection serpapi_timeseries_MX-MIC_tianguis, tiendeo, PromoDescuentos from db: 'MongoWrapper' object has no attribute 'database'
2025-06-09 10:47:28,832 ERROR Can not get collection serpapi_timeseries_MX-MOR_crisis,desempleo,pobreza from db: 'MongoWrapper' object has no attribute 'database'
2025-06-09 10:47:28,833 ERROR Can not get collection serpapi_timeseries_MX-MOR_conflictos,discriminación from db: 'MongoWrapper' object has no attribute 'database'
2025-06-09 10:47:28,833 ERROR Can not get collection serpapi_timeseries_MX-MOR_violencia,becas,escuela secundaria,enfermedad,centro de salud from db: 'MongoWrapper' object has no attribute 'database'
2025-06-09 10:47:28,833 ERROR Can not get collection serpapi_timeseries_MX-MOR_pensiones,seguro social,ayuda alimentaria,banco de alimentos,comedor comunitario from db: 'MongoWrapper' object has no attribute 'database'
2025-06-09 10:47:28,834 ERROR Can not get collection serpapi_timeseries_MX-MOR_comida barata,receta pobre,apoyo Infonavit,ayuda renta,renta barata from db: 'MongoWrapper' object has no attribute 'database'
2025-06-09 10:47:28,834 ERROR Can not get collection serpapi_timeseries_MX-MOR_servicios en la vivienda,vivienda del gobierno from db: 'MongoWrapper' object has no attribute 'database'
2025-06-09 10:47:28,834 ERROR Can not get collection serpapi_timeseries_MX-MOR_agua potable, FOVISSSTE from db: 'MongoWrapper' object has no attribute 'database'
2025-06-09 10:47:28,835 ERROR Can not get collection serpapi_timeseries_MX-MOR_tianguis, tiendeo, PromoDescuentos from db: 'MongoWrapper' object has no attribute 'database'
2025-06-09 10:47:28,835 ERROR Can not get collection serpapi_timeseries_MX-NAY_crisis,desempleo,pobreza from db: 'MongoWrapper' object has no attribute 'database'
2025-06-09 10:47:28,835 ERROR Can not get collection serpapi_timeseries_MX-NAY_conflictos,discriminación from db: 'MongoWrapper' object has no attribute 'database'
2025-06-09 10:47:28,836 ERROR Can not get collection serpapi_timeseries_MX-NAY_violencia,becas,escuela secundaria,enfermedad,centro de salud from db: 'MongoWrapper' object has no attribute 'database'
2025-06-09 10:47:28,836 ERROR Can not get collection serpapi_timeseries_MX-NAY_pensiones,seguro social,ayuda alimentaria,banco de alimentos,comedor comunitario from db: 'MongoWrapper' object has no attribute 'database'
2025-06-09 10:47:28,836 ERROR Can not get collection serpapi_timeseries_MX-NAY_comida barata,receta pobre,apoyo Infonavit,ayuda renta,renta barata from db: 'MongoWrapper' object has no attribute 'database'
2025-06-09 10:47:28,837 ERROR Can not get collection serpapi_timeseries_MX-NAY_servicios en la vivienda,vivienda del gobierno from db: 'MongoWrapper' object has no attribute 'database'
2025-06-09 10:47:28,837 ERROR Can not get collection serpapi_timeseries_MX-NAY_agua potable, FOVISSSTE from db: 'MongoWrapper' object has no attribute 'database'
2025-06-09 10:47:28,837 ERROR Can not get collection serpapi_timeseries_MX-NAY_tianguis, tiendeo, PromoDescuentos from db: 'MongoWrapper' object has no attribute 'database'
2025-06-09 10:47:28,837 ERROR Can not get collection serpapi_timeseries_MX-NLE_crisis,desempleo,pobreza from db: 'MongoWrapper' object has no attribute 'database'
2025-06-09 10:47:28,838 ERROR Can not get collection serpapi_timeseries_MX-NLE_conflictos,discriminación from db: 'MongoWrapper' object has no attribute 'database'
2025-06-09 10:47:28,838 ERROR Can not get collection serpapi_timeseries_MX-NLE_violencia,becas,escuela secundaria,enfermedad,centro de salud from db: 'MongoWrapper' object has no attribute 'database'
2025-06-09 10:47:28,838 ERROR Can not get collection serpapi_timeseries_MX-NLE_pensiones,seguro social,ayuda alimentaria,banco de alimentos,comedor comunitario from db: 'MongoWrapper' object has no attribute 'database'
2025-06-09 10:47:28,838 ERROR Can not get collection serpapi_timeseries_MX-NLE_comida barata,receta pobre,apoyo Infonavit,ayuda renta,renta barata from db: 'MongoWrapper' object has no attribute 'database'
2025-06-09 10:47:28,839 ERROR Can not get collection serpapi_timeseries_MX-NLE_servicios en la vivienda,vivienda del gobierno from db: 'MongoWrapper' object has no attribute 'database'
2025-06-09 10:47:28,839 ERROR Can not get collection serpapi_timeseries_MX-NLE_agua potable, FOVISSSTE from db: 'MongoWrapper' object has no attribute 'database'
2025-06-09 10:47:28,839 ERROR Can not get collection serpapi_timeseries_MX-NLE_tianguis, tiendeo, PromoDescuentos from db: 'MongoWrapper' object has no attribute 'database'
2025-06-09 10:47:28,840 ERROR Can not get collection serpapi_timeseries_MX-OAX_crisis,desempleo,pobreza from db: 'MongoWrapper' object has no attribute 'database'
2025-06-09 10:47:28,840 ERROR Can not get collection serpapi_timeseries_MX-OAX_conflictos,discriminación from db: 'MongoWrapper' object has no attribute 'database'
2025-06-09 10:47:28,840 ERROR Can not get collection serpapi_timeseries_MX-OAX_violencia,becas,escuela secundaria,enfermedad,centro de salud from db: 'MongoWrapper' object has no attribute 'database'
2025-06-09 10:47:28,840 ERROR Can not get collection serpapi_timeseries_MX-OAX_pensiones,seguro social,ayuda alimentaria,banco de alimentos,comedor comunitario from db: 'MongoWrapper' object has no attribute 'database'
2025-06-09 10:47:28,841 ERROR Can not get collection serpapi_timeseries_MX-OAX_comida barata,receta pobre,apoyo Infonavit,ayuda renta,renta barata from db: 'MongoWrapper' object has no attribute 'database'
2025-06-09 10:47:28,841 ERROR Can not get collection serpapi_timeseries_MX-OAX_servicios en la vivienda,vivienda del gobierno from db: 'MongoWrapper' object has no attribute 'database'
2025-06-09 10:47:28,841 ERROR Can not get collection serpapi_timeseries_MX-OAX_agua potable, FOVISSSTE from db: 'MongoWrapper' object has no attribute 'database'
2025-06-09 10:47:28,842 ERROR Can not get collection serpapi_timeseries_MX-OAX_tianguis, tiendeo, PromoDescuentos from db: 'MongoWrapper' object has no attribute 'database'
2025-06-09 10:47:28,842 ERROR Can not get collection serpapi_timeseries_MX-PUE_crisis,desempleo,pobreza from db: 'MongoWrapper' object has no attribute 'database'
2025-06-09 10:47:28,842 ERROR Can not get collection serpapi_timeseries_MX-PUE_conflictos,discriminación from db: 'MongoWrapper' object has no attribute 'database'
2025-06-09 10:47:28,842 ERROR Can not get collection serpapi_timeseries_MX-PUE_violencia,becas,escuela secundaria,enfermedad,centro de salud from db: 'MongoWrapper' object has no attribute 'database'
2025-06-09 10:47:28,843 ERROR Can not get collection serpapi_timeseries_MX-PUE_pensiones,seguro social,ayuda alimentaria,banco de alimentos,comedor comunitario from db: 'MongoWrapper' object has no attribute 'database'
2025-06-09 10:47:28,843 ERROR Can not get collection serpapi_timeseries_MX-PUE_comida barata,receta pobre,apoyo Infonavit,ayuda renta,renta barata from db: 'MongoWrapper' object has no attribute 'database'
2025-06-09 10:47:28,843 ERROR Can not get collection serpapi_timeseries_MX-PUE_servicios en la vivienda,vivienda del gobierno from db: 'MongoWrapper' object has no attribute 'database'
2025-06-09 10:47:28,844 ERROR Can not get collection serpapi_timeseries_MX-PUE_agua potable, FOVISSSTE from db: 'MongoWrapper' object has no attribute 'database'
2025-06-09 10:47:28,844 ERROR Can not get collection serpapi_timeseries_MX-PUE_tianguis, tiendeo, PromoDescuentos from db: 'MongoWrapper' object has no attribute 'database'
2025-06-09 10:47:28,844 ERROR Can not get collection serpapi_timeseries_MX-QUE_crisis,desempleo,pobreza from db: 'MongoWrapper' object has no attribute 'database'
2025-06-09 10:47:28,844 ERROR Can not get collection serpapi_timeseries_MX-QUE_conflictos,discriminación from db: 'MongoWrapper' object has no attribute 'database'
2025-06-09 10:47:28,845 ERROR Can not get collection serpapi_timeseries_MX-QUE_violencia,becas,escuela secundaria,enfermedad,centro de salud from db: 'MongoWrapper' object has no attribute 'database'
2025-06-09 10:47:28,845 ERROR Can not get collection serpapi_timeseries_MX-QUE_pensiones,seguro social,ayuda alimentaria,banco de alimentos,comedor comunitario from db: 'MongoWrapper' object has no attribute 'database'
2025-06-09 10:47:28,846 ERROR Can not get collection serpapi_timeseries_MX-QUE_comida barata,receta pobre,apoyo Infonavit,ayuda renta,renta barata from db: 'MongoWrapper' object has no attribute 'database'
2025-06-09 10:47:28,846 ERROR Can not get collection serpapi_timeseries_MX-QUE_servicios en la vivienda,vivienda del gobierno from db: 'MongoWrapper' object has no attribute 'database'
2025-06-09 10:47:28,846 ERROR Can not get collection serpapi_timeseries_MX-QUE_agua potable, FOVISSSTE from db: 'MongoWrapper' object has no attribute 'database'
2025-06-09 10:47:28,847 ERROR Can not get collection serpapi_timeseries_MX-QUE_tianguis, tiendeo, PromoDescuentos from db: 'MongoWrapper' object has no attribute 'database'
2025-06-09 10:47:28,847 ERROR Can not get collection serpapi_timeseries_MX-ROO_crisis,desempleo,pobreza from db: 'MongoWrapper' object has no attribute 'database'
2025-06-09 10:47:28,847 ERROR Can not get collection serpapi_timeseries_MX-ROO_conflictos,discriminación from db: 'MongoWrapper' object has no attribute 'database'
2025-06-09 10:47:28,847 ERROR Can not get collection serpapi_timeseries_MX-ROO_violencia,becas,escuela secundaria,enfermedad,centro de salud from db: 'MongoWrapper' object has no attribute 'database'
2025-06-09 10:47:28,848 ERROR Can not get collection serpapi_timeseries_MX-ROO_pensiones,seguro social,ayuda alimentaria,banco de alimentos,comedor comunitario from db: 'MongoWrapper' object has no attribute 'database'
2025-06-09 10:47:28,848 ERROR Can not get collection serpapi_timeseries_MX-ROO_comida barata,receta pobre,apoyo Infonavit,ayuda renta,renta barata from db: 'MongoWrapper' object has no attribute 'database'
2025-06-09 10:47:28,848 ERROR Can not get collection serpapi_timeseries_MX-ROO_servicios en la vivienda,vivienda del gobierno from db: 'MongoWrapper' object has no attribute 'database'
2025-06-09 10:47:28,849 ERROR Can not get collection serpapi_timeseries_MX-ROO_agua potable, FOVISSSTE from db: 'MongoWrapper' object has no attribute 'database'
2025-06-09 10:47:28,849 ERROR Can not get collection serpapi_timeseries_MX-ROO_tianguis, tiendeo, PromoDescuentos from db: 'MongoWrapper' object has no attribute 'database'
2025-06-09 10:47:28,849 ERROR Can not get collection serpapi_timeseries_MX-SLP_crisis,desempleo,pobreza from db: 'MongoWrapper' object has no attribute 'database'
2025-06-09 10:47:28,849 ERROR Can not get collection serpapi_timeseries_MX-SLP_conflictos,discriminación from db: 'MongoWrapper' object has no attribute 'database'
2025-06-09 10:47:28,850 ERROR Can not get collection serpapi_timeseries_MX-SLP_violencia,becas,escuela secundaria,enfermedad,centro de salud from db: 'MongoWrapper' object has no attribute 'database'
2025-06-09 10:47:28,850 ERROR Can not get collection serpapi_timeseries_MX-SLP_pensiones,seguro social,ayuda alimentaria,banco de alimentos,comedor comunitario from db: 'MongoWrapper' object has no attribute 'database'
2025-06-09 10:47:28,850 ERROR Can not get collection serpapi_timeseries_MX-SLP_comida barata,receta pobre,apoyo Infonavit,ayuda renta,renta barata from db: 'MongoWrapper' object has no attribute 'database'
2025-06-09 10:47:28,850 ERROR Can not get collection serpapi_timeseries_MX-SLP_servicios en la vivienda,vivienda del gobierno from db: 'MongoWrapper' object has no attribute 'database'
2025-06-09 10:47:28,851 ERROR Can not get collection serpapi_timeseries_MX-SLP_agua potable, FOVISSSTE from db: 'MongoWrapper' object has no attribute 'database'
2025-06-09 10:47:28,851 ERROR Can not get collection serpapi_timeseries_MX-SLP_tianguis, tiendeo, PromoDescuentos from db: 'MongoWrapper' object has no attribute 'database'
2025-06-09 10:47:28,851 ERROR Can not get collection serpapi_timeseries_MX-SIN_crisis,desempleo,pobreza from db: 'MongoWrapper' object has no attribute 'database'
2025-06-09 10:47:28,851 ERROR Can not get collection serpapi_timeseries_MX-SIN_conflictos,discriminación from db: 'MongoWrapper' object has no attribute 'database'
2025-06-09 10:47:28,852 ERROR Can not get collection serpapi_timeseries_MX-SIN_violencia,becas,escuela secundaria,enfermedad,centro de salud from db: 'MongoWrapper' object has no attribute 'database'
2025-06-09 10:47:28,852 ERROR Can not get collection serpapi_timeseries_MX-SIN_pensiones,seguro social,ayuda alimentaria,banco de alimentos,comedor comunitario from db: 'MongoWrapper' object has no attribute 'database'
2025-06-09 10:47:28,852 ERROR Can not get collection serpapi_timeseries_MX-SIN_comida barata,receta pobre,apoyo Infonavit,ayuda renta,renta barata from db: 'MongoWrapper' object has no attribute 'database'
2025-06-09 10:47:28,852 ERROR Can not get collection serpapi_timeseries_MX-SIN_servicios en la vivienda,vivienda del gobierno from db: 'MongoWrapper' object has no attribute 'database'
2025-06-09 10:47:28,853 ERROR Can not get collection serpapi_timeseries_MX-SIN_agua potable, FOVISSSTE from db: 'MongoWrapper' object has no attribute 'database'
2025-06-09 10:47:28,853 ERROR Can not get collection serpapi_timeseries_MX-SIN_tianguis, tiendeo, PromoDescuentos from db: 'MongoWrapper' object has no attribute 'database'
2025-06-09 10:47:28,853 ERROR Can not get collection serpapi_timeseries_MX-SON_crisis,desempleo,pobreza from db: 'MongoWrapper' object has no attribute 'database'
2025-06-09 10:47:28,854 ERROR Can not get collection serpapi_timeseries_MX-SON_conflictos,discriminación from db: 'MongoWrapper' object has no attribute 'database'
2025-06-09 10:47:28,854 ERROR Can not get collection serpapi_timeseries_MX-SON_violencia,becas,escuela secundaria,enfermedad,centro de salud from db: 'MongoWrapper' object has no attribute 'database'
2025-06-09 10:47:28,854 ERROR Can not get collection serpapi_timeseries_MX-SON_pensiones,seguro social,ayuda alimentaria,banco de alimentos,comedor comunitario from db: 'MongoWrapper' object has no attribute 'database'
2025-06-09 10:47:28,855 ERROR Can not get collection serpapi_timeseries_MX-SON_comida barata,receta pobre,apoyo Infonavit,ayuda renta,renta barata from db: 'MongoWrapper' object has no attribute 'database'
2025-06-09 10:47:28,855 ERROR Can not get collection serpapi_timeseries_MX-SON_servicios en la vivienda,vivienda del gobierno from db: 'MongoWrapper' object has no attribute 'database'
2025-06-09 10:47:28,855 ERROR Can not get collection serpapi_timeseries_MX-SON_agua potable, FOVISSSTE from db: 'MongoWrapper' object has no attribute 'database'
2025-06-09 10:47:28,856 ERROR Can not get collection serpapi_timeseries_MX-SON_tianguis, tiendeo, PromoDescuentos from db: 'MongoWrapper' object has no attribute 'database'
2025-06-09 10:47:28,856 ERROR Can not get collection serpapi_timeseries_MX-MEX_crisis,desempleo,pobreza from db: 'MongoWrapper' object has no attribute 'database'
2025-06-09 10:47:28,856 ERROR Can not get collection serpapi_timeseries_MX-MEX_conflictos,discriminación from db: 'MongoWrapper' object has no attribute 'database'
2025-06-09 10:47:28,857 ERROR Can not get collection serpapi_timeseries_MX-MEX_violencia,becas,escuela secundaria,enfermedad,centro de salud from db: 'MongoWrapper' object has no attribute 'database'
2025-06-09 10:47:28,857 ERROR Can not get collection serpapi_timeseries_MX-MEX_pensiones,seguro social,ayuda alimentaria,banco de alimentos,comedor comunitario from db: 'MongoWrapper' object has no attribute 'database'
2025-06-09 10:47:28,858 ERROR Can not get collection serpapi_timeseries_MX-MEX_comida barata,receta pobre,apoyo Infonavit,ayuda renta,renta barata from db: 'MongoWrapper' object has no attribute 'database'
2025-06-09 10:47:28,858 ERROR Can not get collection serpapi_timeseries_MX-MEX_servicios en la vivienda,vivienda del gobierno from db: 'MongoWrapper' object has no attribute 'database'
2025-06-09 10:47:28,858 ERROR Can not get collection serpapi_timeseries_MX-MEX_agua potable, FOVISSSTE from db: 'MongoWrapper' object has no attribute 'database'
2025-06-09 10:47:28,859 ERROR Can not get collection serpapi_timeseries_MX-MEX_tianguis, tiendeo, PromoDescuentos from db: 'MongoWrapper' object has no attribute 'database'
2025-06-09 10:47:28,859 ERROR Can not get collection serpapi_timeseries_MX-TAB_crisis,desempleo,pobreza from db: 'MongoWrapper' object has no attribute 'database'
2025-06-09 10:47:28,859 ERROR Can not get collection serpapi_timeseries_MX-TAB_conflictos,discriminación from db: 'MongoWrapper' object has no attribute 'database'
2025-06-09 10:47:28,859 ERROR Can not get collection serpapi_timeseries_MX-TAB_violencia,becas,escuela secundaria,enfermedad,centro de salud from db: 'MongoWrapper' object has no attribute 'database'
2025-06-09 10:47:28,860 ERROR Can not get collection serpapi_timeseries_MX-TAB_pensiones,seguro social,ayuda alimentaria,banco de alimentos,comedor comunitario from db: 'MongoWrapper' object has no attribute 'database'
2025-06-09 10:47:28,860 ERROR Can not get collection serpapi_timeseries_MX-TAB_comida barata,receta pobre,apoyo Infonavit,ayuda renta,renta barata from db: 'MongoWrapper' object has no attribute 'database'
2025-06-09 10:47:28,860 ERROR Can not get collection serpapi_timeseries_MX-TAB_servicios en la vivienda,vivienda del gobierno from db: 'MongoWrapper' object has no attribute 'database'
2025-06-09 10:47:28,861 ERROR Can not get collection serpapi_timeseries_MX-TAB_agua potable, FOVISSSTE from db: 'MongoWrapper' object has no attribute 'database'
2025-06-09 10:47:28,861 ERROR Can not get collection serpapi_timeseries_MX-TAB_tianguis, tiendeo, PromoDescuentos from db: 'MongoWrapper' object has no attribute 'database'
2025-06-09 10:47:28,861 ERROR Can not get collection serpapi_timeseries_MX-TAM_crisis,desempleo,pobreza from db: 'MongoWrapper' object has no attribute 'database'
2025-06-09 10:47:28,861 ERROR Can not get collection serpapi_timeseries_MX-TAM_conflictos,discriminación from db: 'MongoWrapper' object has no attribute 'database'
2025-06-09 10:47:28,862 ERROR Can not get collection serpapi_timeseries_MX-TAM_violencia,becas,escuela secundaria,enfermedad,centro de salud from db: 'MongoWrapper' object has no attribute 'database'
2025-06-09 10:47:28,862 ERROR Can not get collection serpapi_timeseries_MX-TAM_pensiones,seguro social,ayuda alimentaria,banco de alimentos,comedor comunitario from db: 'MongoWrapper' object has no attribute 'database'
2025-06-09 10:47:28,862 ERROR Can not get collection serpapi_timeseries_MX-TAM_comida barata,receta pobre,apoyo Infonavit,ayuda renta,renta barata from db: 'MongoWrapper' object has no attribute 'database'
2025-06-09 10:47:28,862 ERROR Can not get collection serpapi_timeseries_MX-TAM_servicios en la vivienda,vivienda del gobierno from db: 'MongoWrapper' object has no attribute 'database'
2025-06-09 10:47:28,863 ERROR Can not get collection serpapi_timeseries_MX-TAM_agua potable, FOVISSSTE from db: 'MongoWrapper' object has no attribute 'database'
2025-06-09 10:47:28,863 ERROR Can not get collection serpapi_timeseries_MX-TAM_tianguis, tiendeo, PromoDescuentos from db: 'MongoWrapper' object has no attribute 'database'
2025-06-09 10:47:28,863 ERROR Can not get collection serpapi_timeseries_MX-TLA_crisis,desempleo,pobreza from db: 'MongoWrapper' object has no attribute 'database'
2025-06-09 10:47:28,863 ERROR Can not get collection serpapi_timeseries_MX-TLA_conflictos,discriminación from db: 'MongoWrapper' object has no attribute 'database'
2025-06-09 10:47:28,863 ERROR Can not get collection serpapi_timeseries_MX-TLA_violencia,becas,escuela secundaria,enfermedad,centro de salud from db: 'MongoWrapper' object has no attribute 'database'
2025-06-09 10:47:28,864 ERROR Can not get collection serpapi_timeseries_MX-TLA_pensiones,seguro social,ayuda alimentaria,banco de alimentos,comedor comunitario from db: 'MongoWrapper' object has no attribute 'database'
2025-06-09 10:47:28,864 ERROR Can not get collection serpapi_timeseries_MX-TLA_comida barata,receta pobre,apoyo Infonavit,ayuda renta,renta barata from db: 'MongoWrapper' object has no attribute 'database'
2025-06-09 10:47:28,865 ERROR Can not get collection serpapi_timeseries_MX-TLA_servicios en la vivienda,vivienda del gobierno from db: 'MongoWrapper' object has no attribute 'database'
2025-06-09 10:47:28,865 ERROR Can not get collection serpapi_timeseries_MX-TLA_agua potable, FOVISSSTE from db: 'MongoWrapper' object has no attribute 'database'
2025-06-09 10:47:28,865 ERROR Can not get collection serpapi_timeseries_MX-TLA_tianguis, tiendeo, PromoDescuentos from db: 'MongoWrapper' object has no attribute 'database'
2025-06-09 10:47:28,866 ERROR Can not get collection serpapi_timeseries_MX-VER_crisis,desempleo,pobreza from db: 'MongoWrapper' object has no attribute 'database'
2025-06-09 10:47:28,866 ERROR Can not get collection serpapi_timeseries_MX-VER_conflictos,discriminación from db: 'MongoWrapper' object has no attribute 'database'
2025-06-09 10:47:28,866 ERROR Can not get collection serpapi_timeseries_MX-VER_violencia,becas,escuela secundaria,enfermedad,centro de salud from db: 'MongoWrapper' object has no attribute 'database'
2025-06-09 10:47:28,867 ERROR Can not get collection serpapi_timeseries_MX-VER_pensiones,seguro social,ayuda alimentaria,banco de alimentos,comedor comunitario from db: 'MongoWrapper' object has no attribute 'database'
2025-06-09 10:47:28,867 ERROR Can not get collection serpapi_timeseries_MX-VER_comida barata,receta pobre,apoyo Infonavit,ayuda renta,renta barata from db: 'MongoWrapper' object has no attribute 'database'
2025-06-09 10:47:28,867 ERROR Can not get collection serpapi_timeseries_MX-VER_servicios en la vivienda,vivienda del gobierno from db: 'MongoWrapper' object has no attribute 'database'
2025-06-09 10:47:28,867 ERROR Can not get collection serpapi_timeseries_MX-VER_agua potable, FOVISSSTE from db: 'MongoWrapper' object has no attribute 'database'
2025-06-09 10:47:28,868 ERROR Can not get collection serpapi_timeseries_MX-VER_tianguis, tiendeo, PromoDescuentos from db: 'MongoWrapper' object has no attribute 'database'
2025-06-09 10:47:28,868 ERROR Can not get collection serpapi_timeseries_MX-YUC_crisis,desempleo,pobreza from db: 'MongoWrapper' object has no attribute 'database'
2025-06-09 10:47:28,868 ERROR Can not get collection serpapi_timeseries_MX-YUC_conflictos,discriminación from db: 'MongoWrapper' object has no attribute 'database'
2025-06-09 10:47:28,868 ERROR Can not get collection serpapi_timeseries_MX-YUC_violencia,becas,escuela secundaria,enfermedad,centro de salud from db: 'MongoWrapper' object has no attribute 'database'
2025-06-09 10:47:28,869 ERROR Can not get collection serpapi_timeseries_MX-YUC_pensiones,seguro social,ayuda alimentaria,banco de alimentos,comedor comunitario from db: 'MongoWrapper' object has no attribute 'database'
2025-06-09 10:47:28,869 ERROR Can not get collection serpapi_timeseries_MX-YUC_comida barata,receta pobre,apoyo Infonavit,ayuda renta,renta barata from db: 'MongoWrapper' object has no attribute 'database'
2025-06-09 10:47:28,869 ERROR Can not get collection serpapi_timeseries_MX-YUC_servicios en la vivienda,vivienda del gobierno from db: 'MongoWrapper' object has no attribute 'database'
2025-06-09 10:47:28,869 ERROR Can not get collection serpapi_timeseries_MX-YUC_agua potable, FOVISSSTE from db: 'MongoWrapper' object has no attribute 'database'
2025-06-09 10:47:28,870 ERROR Can not get collection serpapi_timeseries_MX-YUC_tianguis, tiendeo, PromoDescuentos from db: 'MongoWrapper' object has no attribute 'database'
2025-06-09 10:47:28,870 ERROR Can not get collection serpapi_timeseries_MX-ZAC_crisis,desempleo,pobreza from db: 'MongoWrapper' object has no attribute 'database'
2025-06-09 10:47:28,870 ERROR Can not get collection serpapi_timeseries_MX-ZAC_conflictos,discriminación from db: 'MongoWrapper' object has no attribute 'database'
2025-06-09 10:47:28,871 ERROR Can not get collection serpapi_timeseries_MX-ZAC_violencia,becas,escuela secundaria,enfermedad,centro de salud from db: 'MongoWrapper' object has no attribute 'database'
2025-06-09 10:47:28,871 ERROR Can not get collection serpapi_timeseries_MX-ZAC_pensiones,seguro social,ayuda alimentaria,banco de alimentos,comedor comunitario from db: 'MongoWrapper' object has no attribute 'database'
2025-06-09 10:47:28,871 ERROR Can not get collection serpapi_timeseries_MX-ZAC_comida barata,receta pobre,apoyo Infonavit,ayuda renta,renta barata from db: 'MongoWrapper' object has no attribute 'database'
2025-06-09 10:47:28,871 ERROR Can not get collection serpapi_timeseries_MX-ZAC_servicios en la vivienda,vivienda del gobierno from db: 'MongoWrapper' object has no attribute 'database'
2025-06-09 10:47:28,872 ERROR Can not get collection serpapi_timeseries_MX-ZAC_agua potable, FOVISSSTE from db: 'MongoWrapper' object has no attribute 'database'
2025-06-09 10:47:28,872 ERROR Can not get collection serpapi_timeseries_MX-ZAC_tianguis, tiendeo, PromoDescuentos from db: 'MongoWrapper' object has no attribute 'database'
2025-06-09 10:52:11,807 WARNING Logger Mongo was configured with True console stream
2025-06-09 10:52:12,118 INFO Connected to serpapi_5y database on 206.81.16.39
2025-06-09 10:55:48,791 WARNING Logger Mongo was configured with True console stream
2025-06-09 10:55:49,173 INFO Connected to serpapi_5y database on 206.81.16.39
2025-06-09 11:01:22,551 WARNING Logger Mongo was configured with True console stream
2025-06-09 11:01:22,873 INFO Connected to serpapi_5y database on 206.81.16.39
2025-06-09 11:24:16,409 WARNING Logger Mongo was configured with True console stream
2025-06-09 11:24:16,741 INFO Connected to serpapi_5y database on 206.81.16.39
2025-06-09 11:25:44,268 WARNING Logger Mongo was configured with True console stream
2025-06-09 11:25:44,629 INFO Connected to serpapi_5y database on 206.81.16.39
2025-06-09 11:26:43,142 WARNING Logger Mongo was configured with True console stream
2025-06-09 11:26:43,468 INFO Connected to serpapi_5y database on 206.81.16.39
2025-06-09 11:31:49,659 WARNING Logger Mongo was configured with True console stream
2025-06-09 11:31:49,978 INFO Connected to serpapi_5y database on 206.81.16.39
2025-06-09 11:33:07,046 WARNING Logger Mongo was configured with True console stream
2025-06-09 11:33:07,368 INFO Connected to serpapi_5y database on 206.81.16.39
2025-06-09 11:35:55,859 WARNING Logger Mongo was configured with True console stream
2025-06-09 11:35:56,180 INFO Connected to serpapi_5y database on 206.81.16.39
