2025-04-16 18:06:19,926 WARNING Logger yt_client was configured with True console stream
2025-04-16 18:06:20,004 INFO Got 50 videos for cárteles de México from mongo
2025-04-16 18:07:23,824 INFO Got 100 videos for MilitarMente from mongo
2025-04-16 18:08:12,860 INFO Got 50 videos for cárteles de México
2025-04-16 18:08:12,863 ERROR Error getting videos by keyword cárteles de México: unhashable type: 'dict'
2025-04-16 18:08:18,983 INFO Got 50 videos for cárteles de México
2025-04-16 18:08:18,984 ERROR Error getting videos by keyword cárteles de México: unhashable type: 'dict'
2025-04-16 18:09:29,367 WARNING Logger yt_client was configured with True console stream
2025-04-16 18:09:29,812 INFO Got 50 videos for cárteles de México
2025-04-16 18:12:21,124 WARNING Logger yt_client was configured with True console stream
2025-04-16 18:12:21,630 INFO Got 50 videos for cárteles de México
2025-04-16 18:12:22,081 INFO Got 100 videos for cárteles de México
2025-04-16 18:12:22,520 INFO Got 150 videos for cárteles de México
2025-04-16 18:12:23,010 INFO Got 200 videos for cárteles de México
2025-04-16 18:12:23,436 INFO Got 250 videos for cárteles de México
2025-04-16 18:12:29,082 INFO Got 100 videos for MilitarMente from mongo
2025-04-16 18:14:01,388 WARNING Logger yt_client was configured with True console stream
2025-04-16 18:14:01,583 INFO Got 249 videos for cárteles de México from mongo
2025-04-16 18:14:02,044 INFO Got 100 videos for MilitarMente from mongo
2025-04-16 18:15:34,320 INFO Got 100 comments for video h9njff2Eyrg from mongo
2025-04-16 18:20:23,655 INFO Got 249 videos for cárteles de México from mongo
2025-04-16 18:20:24,087 INFO Got 100 videos for MilitarMente from mongo
2025-04-16 18:20:24,547 INFO Got 100 comments for video h9njff2Eyrg from mongo
2025-04-16 18:21:25,542 INFO Got 249 videos for cárteles de México from mongo
2025-04-16 18:21:25,972 INFO Got 100 videos for MilitarMente from mongo
2025-04-16 18:21:26,436 INFO Got 100 comments for video h9njff2Eyrg from mongo
2025-04-16 18:35:55,917 INFO Got 100 comments for video dTZK9JNHgM0
2025-04-16 18:35:57,647 INFO Got 100 comments for video 6m3D6iLI9vs
2025-04-16 18:35:59,378 INFO Got 100 comments for video nMD3mCXZ12U
2025-04-16 18:36:00,731 INFO Got 100 comments for video Oj5JSIP4I3Q
2025-04-16 18:36:01,911 INFO Got 26 comments for video Mf_2nxQ0jz0
2025-04-16 18:36:03,015 INFO Got 49 comments for video ZcQGu0YpcrE
2025-04-16 18:36:04,197 INFO Got 38 comments for video erxqWyzaa8Q
2025-04-16 18:36:05,410 INFO Got 100 comments for video ZK98DXomIG0
2025-04-16 18:36:06,953 INFO Got 100 comments for video Vd2FZz-vje0
2025-04-16 18:36:16,902 INFO Got 49 comments for video ZcQGu0YpcrE from mongo
2025-04-16 18:36:17,367 INFO Got 38 comments for video erxqWyzaa8Q from mongo
2025-04-16 18:36:17,834 INFO Got 100 comments for video ZK98DXomIG0 from mongo
2025-04-16 18:36:18,297 INFO Got 100 comments for video Vd2FZz-vje0 from mongo
2025-04-16 18:36:18,919 INFO Got 100 comments for video emXdfiKh9Gs
2025-04-16 18:36:20,266 INFO Got 87 comments for video ynUpBXTtElc
2025-04-16 18:36:21,516 INFO Got 100 comments for video x6fsc8FTM-0
2025-04-16 18:36:23,155 INFO Got 100 comments for video tJexx_UQaQI
2025-04-16 18:36:24,292 INFO Got 30 comments for video sKQeDRUEck8
2025-04-16 18:36:25,620 INFO Got 64 comments for video ZYATHYdrnWA
2025-04-16 18:36:49,214 INFO Got 49 comments for video ZcQGu0YpcrE from mongo
2025-04-16 18:36:49,656 INFO Got 38 comments for video erxqWyzaa8Q from mongo
2025-04-16 18:36:50,127 INFO Got 100 comments for video ZK98DXomIG0 from mongo
2025-04-16 18:36:50,608 INFO Got 100 comments for video Vd2FZz-vje0 from mongo
2025-04-16 18:36:51,081 INFO Got 100 comments for video emXdfiKh9Gs from mongo
2025-04-16 18:36:51,543 INFO Got 87 comments for video ynUpBXTtElc from mongo
2025-04-16 18:36:52,030 INFO Got 100 comments for video x6fsc8FTM-0 from mongo
2025-04-16 18:36:52,507 INFO Got 100 comments for video tJexx_UQaQI from mongo
2025-04-16 18:36:52,903 INFO Got 30 comments for video sKQeDRUEck8 from mongo
2025-04-16 18:36:53,340 INFO Got 64 comments for video ZYATHYdrnWA from mongo
2025-04-16 18:38:17,957 INFO Got 49 comments for video ZcQGu0YpcrE from mongo
2025-04-16 18:38:18,399 INFO Got 38 comments for video erxqWyzaa8Q from mongo
2025-04-16 18:38:18,863 INFO Got 100 comments for video ZK98DXomIG0 from mongo
2025-04-16 18:38:19,326 INFO Got 100 comments for video Vd2FZz-vje0 from mongo
2025-04-16 18:38:19,795 INFO Got 100 comments for video emXdfiKh9Gs from mongo
2025-04-16 18:38:20,264 INFO Got 87 comments for video ynUpBXTtElc from mongo
2025-04-16 18:38:20,803 INFO Got 100 comments for video x6fsc8FTM-0 from mongo
2025-04-16 18:38:21,334 INFO Got 100 comments for video tJexx_UQaQI from mongo
2025-04-16 18:38:21,740 INFO Got 30 comments for video sKQeDRUEck8 from mongo
2025-04-16 18:38:22,188 INFO Got 64 comments for video ZYATHYdrnWA from mongo
2025-04-16 18:38:41,311 INFO Got 249 videos for cárteles de México from mongo
2025-04-16 18:38:41,743 INFO Got 100 videos for MilitarMente from mongo
2025-04-16 18:38:42,218 INFO Got 100 comments for video h9njff2Eyrg from mongo
2025-04-16 18:38:42,828 INFO Got 49 comments for video ZcQGu0YpcrE from mongo
2025-04-16 18:38:43,257 INFO Got 38 comments for video erxqWyzaa8Q from mongo
2025-04-16 18:38:43,771 INFO Got 100 comments for video ZK98DXomIG0 from mongo
2025-04-16 18:38:44,228 INFO Got 100 comments for video Vd2FZz-vje0 from mongo
2025-04-16 18:38:44,734 INFO Got 100 comments for video emXdfiKh9Gs from mongo
2025-04-16 18:38:45,163 INFO Got 87 comments for video ynUpBXTtElc from mongo
2025-04-16 18:38:45,675 INFO Got 100 comments for video x6fsc8FTM-0 from mongo
2025-04-16 18:38:46,139 INFO Got 100 comments for video tJexx_UQaQI from mongo
2025-04-16 18:38:46,528 INFO Got 30 comments for video sKQeDRUEck8 from mongo
2025-04-16 18:38:46,952 INFO Got 64 comments for video ZYATHYdrnWA from mongo
2025-04-18 11:30:28,577 WARNING Logger yt_client was configured with True console stream
2025-04-18 11:30:28,855 INFO Got 249 videos for cárteles de México from mongo
2025-04-18 11:30:32,010 INFO Got 100 videos for MilitarMente from mongo
2025-04-18 11:30:34,624 INFO Got 100 comments for video h9njff2Eyrg from mongo
2025-04-18 11:30:43,792 INFO Got 49 comments for video ZcQGu0YpcrE from mongo
2025-04-18 11:30:44,365 INFO Got 38 comments for video erxqWyzaa8Q from mongo
2025-04-18 11:30:45,017 INFO Got 100 comments for video ZK98DXomIG0 from mongo
2025-04-18 11:30:45,647 INFO Got 100 comments for video Vd2FZz-vje0 from mongo
2025-04-18 11:30:46,280 INFO Got 100 comments for video emXdfiKh9Gs from mongo
2025-04-18 11:30:46,875 INFO Got 87 comments for video ynUpBXTtElc from mongo
2025-04-18 11:30:47,534 INFO Got 100 comments for video x6fsc8FTM-0 from mongo
2025-04-18 11:30:48,171 INFO Got 100 comments for video tJexx_UQaQI from mongo
2025-04-18 11:30:48,711 INFO Got 30 comments for video sKQeDRUEck8 from mongo
2025-04-18 11:30:49,298 INFO Got 64 comments for video ZYATHYdrnWA from mongo
2025-04-18 11:39:24,680 INFO Got 50 videos for Sinaloa
2025-04-18 11:39:25,085 INFO Got 100 videos for Sinaloa
2025-04-18 11:39:25,550 INFO Got 150 videos for Sinaloa
2025-04-18 11:39:26,008 INFO Got 200 videos for Sinaloa
2025-04-18 11:39:26,518 INFO Got 250 videos for Sinaloa
2025-04-18 12:02:20,311 WARNING Logger yt_client was configured with True console stream
2025-04-18 12:02:20,585 INFO Got 249 videos for cárteles de México from mongo
2025-04-18 12:02:21,168 INFO Got 100 videos for MilitarMente from mongo
2025-04-18 12:02:21,781 INFO Got 100 comments for video h9njff2Eyrg from mongo
2025-04-18 12:02:22,654 INFO Got 49 comments for video ZcQGu0YpcrE from mongo
2025-04-18 12:02:23,232 INFO Got 38 comments for video erxqWyzaa8Q from mongo
2025-04-18 12:02:23,870 INFO Got 100 comments for video ZK98DXomIG0 from mongo
2025-04-18 12:02:24,535 INFO Got 100 comments for video Vd2FZz-vje0 from mongo
2025-04-18 12:02:25,175 INFO Got 100 comments for video emXdfiKh9Gs from mongo
2025-04-18 12:02:25,751 INFO Got 87 comments for video ynUpBXTtElc from mongo
2025-04-18 12:02:26,391 INFO Got 100 comments for video x6fsc8FTM-0 from mongo
2025-04-18 12:02:27,006 INFO Got 100 comments for video tJexx_UQaQI from mongo
2025-04-18 12:02:27,548 INFO Got 30 comments for video sKQeDRUEck8 from mongo
2025-04-18 12:02:28,110 INFO Got 64 comments for video ZYATHYdrnWA from mongo
2025-04-18 12:02:28,951 INFO Got 223 videos for Sinaloa from mongo
2025-04-18 12:04:07,422 WARNING Logger yt_client was configured with True console stream
2025-04-18 12:04:07,696 INFO Got 249 videos for cárteles de México from mongo
2025-04-18 12:04:08,278 INFO Got 100 videos for MilitarMente from mongo
2025-04-18 12:04:08,945 INFO Got 100 comments for video h9njff2Eyrg from mongo
2025-04-18 12:04:09,770 INFO Got 49 comments for video ZcQGu0YpcrE from mongo
2025-04-18 12:04:10,353 INFO Got 38 comments for video erxqWyzaa8Q from mongo
2025-04-18 12:04:10,972 INFO Got 100 comments for video ZK98DXomIG0 from mongo
2025-04-18 12:04:11,609 INFO Got 100 comments for video Vd2FZz-vje0 from mongo
2025-04-18 12:04:12,240 INFO Got 100 comments for video emXdfiKh9Gs from mongo
2025-04-18 12:04:12,804 INFO Got 87 comments for video ynUpBXTtElc from mongo
2025-04-18 12:04:13,435 INFO Got 100 comments for video x6fsc8FTM-0 from mongo
2025-04-18 12:04:14,066 INFO Got 100 comments for video tJexx_UQaQI from mongo
2025-04-18 12:04:14,607 INFO Got 30 comments for video sKQeDRUEck8 from mongo
2025-04-18 12:04:15,191 INFO Got 64 comments for video ZYATHYdrnWA from mongo
2025-04-18 12:04:15,952 INFO Got 223 videos for Sinaloa from mongo
2025-04-18 12:24:57,116 WARNING Logger yt_client was configured with True console stream
2025-04-18 12:24:57,671 INFO Got 223 videos for Sinaloa from mongo
2025-04-18 12:37:55,877 WARNING Logger yt_client was configured with True console stream
2025-04-18 12:37:56,143 INFO Got 249 videos for cárteles de México from mongo
2025-04-18 12:37:56,764 INFO Got 100 videos for MilitarMente from mongo
2025-04-18 12:37:57,395 INFO Got 100 comments for video h9njff2Eyrg from mongo
2025-04-18 12:37:58,243 INFO Got 49 comments for video ZcQGu0YpcrE from mongo
2025-04-18 12:37:58,820 INFO Got 38 comments for video erxqWyzaa8Q from mongo
2025-04-18 12:37:59,451 INFO Got 100 comments for video ZK98DXomIG0 from mongo
2025-04-18 12:38:00,074 INFO Got 100 comments for video Vd2FZz-vje0 from mongo
2025-04-18 12:38:00,707 INFO Got 100 comments for video emXdfiKh9Gs from mongo
2025-04-18 12:38:01,283 INFO Got 87 comments for video ynUpBXTtElc from mongo
2025-04-18 12:38:01,965 INFO Got 100 comments for video x6fsc8FTM-0 from mongo
2025-04-18 12:38:02,599 INFO Got 100 comments for video tJexx_UQaQI from mongo
2025-04-18 12:38:03,136 INFO Got 30 comments for video sKQeDRUEck8 from mongo
2025-04-18 12:38:03,807 INFO Got 64 comments for video ZYATHYdrnWA from mongo
2025-04-18 12:38:04,579 INFO Got 223 videos for Sinaloa from mongo
2025-04-18 12:43:17,153 WARNING Logger yt_client was configured with True console stream
2025-04-18 12:43:17,509 INFO Got 249 videos for cárteles de México from mongo
2025-04-18 12:43:18,088 INFO Got 100 videos for MilitarMente from mongo
2025-04-18 12:43:18,733 INFO Got 100 comments for video h9njff2Eyrg from mongo
2025-04-18 12:43:19,555 INFO Got 49 comments for video ZcQGu0YpcrE from mongo
2025-04-18 12:43:20,126 INFO Got 38 comments for video erxqWyzaa8Q from mongo
2025-04-18 12:43:20,740 INFO Got 100 comments for video ZK98DXomIG0 from mongo
2025-04-18 12:43:21,368 INFO Got 100 comments for video Vd2FZz-vje0 from mongo
2025-04-18 12:43:22,024 INFO Got 100 comments for video emXdfiKh9Gs from mongo
2025-04-18 12:43:22,613 INFO Got 87 comments for video ynUpBXTtElc from mongo
2025-04-18 12:43:23,240 INFO Got 100 comments for video x6fsc8FTM-0 from mongo
2025-04-18 12:43:23,856 INFO Got 100 comments for video tJexx_UQaQI from mongo
2025-04-18 12:43:24,438 INFO Got 30 comments for video sKQeDRUEck8 from mongo
2025-04-18 12:43:25,060 INFO Got 64 comments for video ZYATHYdrnWA from mongo
2025-04-18 12:43:25,845 INFO Got 223 videos for Sinaloa from mongo
2025-04-18 13:02:28,397 WARNING Logger yt_client was configured with True console stream
2025-04-18 13:02:28,666 INFO Got 223 videos for Sinaloa from mongo
2025-04-18 13:02:52,211 INFO Got 223 videos for Sinaloa from mongo
2025-04-18 13:03:05,206 INFO Got 223 videos for Sinaloa from mongo
2025-04-18 13:03:10,039 INFO Got 223 videos for Sinaloa from mongo
2025-04-18 13:25:01,687 WARNING Logger yt_client was configured with True console stream
2025-04-18 13:25:02,016 INFO Got 249 videos for cárteles de México from mongo
2025-04-18 13:25:02,633 INFO Got 100 videos for MilitarMente from mongo
2025-04-18 13:25:03,279 INFO Got 100 comments for video h9njff2Eyrg from mongo
2025-04-18 13:25:04,070 INFO Got 49 comments for video ZcQGu0YpcrE from mongo
2025-04-18 13:25:04,661 INFO Got 38 comments for video erxqWyzaa8Q from mongo
2025-04-18 13:25:05,315 INFO Got 100 comments for video ZK98DXomIG0 from mongo
2025-04-18 13:25:05,953 INFO Got 100 comments for video Vd2FZz-vje0 from mongo
2025-04-18 13:25:06,741 INFO Got 100 comments for video emXdfiKh9Gs from mongo
2025-04-18 13:25:07,338 INFO Got 87 comments for video ynUpBXTtElc from mongo
2025-04-18 13:25:07,938 INFO Got 100 comments for video x6fsc8FTM-0 from mongo
2025-04-18 13:25:08,609 INFO Got 100 comments for video tJexx_UQaQI from mongo
2025-04-18 13:25:09,182 INFO Got 30 comments for video sKQeDRUEck8 from mongo
2025-04-18 13:25:09,756 INFO Got 64 comments for video ZYATHYdrnWA from mongo
2025-04-18 13:25:10,558 INFO Got 223 videos for Sinaloa from mongo
2025-04-18 14:16:24,705 WARNING Logger yt_client was configured with True console stream
2025-04-18 14:16:25,394 INFO Got 50 videos for Guanajuato
2025-04-18 14:16:25,909 INFO Got 100 videos for Guanajuato
2025-04-18 14:16:26,322 INFO Got 150 videos for Guanajuato
2025-04-18 14:16:26,932 INFO Got 200 videos for Guanajuato
2025-04-18 14:16:27,419 INFO Got 250 videos for Guanajuato
2025-04-18 14:19:33,323 INFO Got 221 videos for Guanajuato from mongo
2025-04-18 14:21:16,198 INFO Got 50 videos for Michoacán
2025-04-18 14:21:16,670 INFO Got 100 videos for Michoacán
2025-04-18 14:21:17,114 INFO Got 150 videos for Michoacán
2025-04-18 14:21:17,638 INFO Got 200 videos for Michoacán
2025-04-18 14:21:18,132 INFO Got 250 videos for Michoacán
2025-04-18 14:21:18,836 INFO Got 223 videos for Sinaloa from mongo
2025-04-18 14:27:04,601 WARNING Logger yt_client was configured with True console stream
2025-04-18 14:27:04,881 INFO Got 221 videos for Guanajuato from mongo
2025-04-18 14:28:26,004 INFO Got 242 videos for Michoacán from mongo
2025-04-18 14:33:46,374 WARNING Logger yt_client was configured with True console stream
2025-04-18 14:33:46,649 INFO Got 221 videos for Guanajuato from mongo
2025-04-18 14:35:09,003 INFO Got 242 videos for Michoacán from mongo
2025-04-18 14:37:45,414 INFO Got 223 videos for Sinaloa from mongo
2025-04-18 14:41:16,833 INFO Got 50 videos for Chihuahua
2025-04-18 14:41:17,281 INFO Got 100 videos for Chihuahua
2025-04-18 14:41:17,805 INFO Got 150 videos for Chihuahua
2025-04-18 14:41:18,282 INFO Got 200 videos for Chihuahua
2025-04-18 14:41:18,763 INFO Got 250 videos for Chihuahua
2025-04-18 14:41:19,342 INFO Got 300 videos for Chihuahua
2025-04-18 14:41:19,826 INFO Got 350 videos for Chihuahua
2025-04-18 14:41:20,342 INFO Got 400 videos for Chihuahua
2025-04-18 14:41:20,819 INFO Got 450 videos for Chihuahua
2025-04-18 14:41:21,422 INFO Got 500 videos for Chihuahua
2025-04-18 14:41:22,275 INFO Got 50 videos for Guerrero
2025-04-18 14:41:22,772 INFO Got 100 videos for Guerrero
2025-04-18 14:41:23,242 INFO Got 150 videos for Guerrero
2025-04-18 14:41:23,936 INFO Got 200 videos for Guerrero
2025-04-18 14:41:24,417 INFO Got 250 videos for Guerrero
2025-04-18 14:41:24,877 INFO Got 300 videos for Guerrero
2025-04-18 14:41:25,372 INFO Got 350 videos for Guerrero
2025-04-18 14:41:25,933 INFO Got 400 videos for Guerrero
2025-04-18 14:41:26,337 INFO Got 450 videos for Guerrero
2025-04-18 14:41:26,954 INFO Got 500 videos for Guerrero
2025-04-18 14:41:27,681 INFO Got 50 videos for Tamaulipas
2025-04-18 14:41:27,989 INFO Got 100 videos for Tamaulipas
2025-04-18 14:41:28,330 INFO Got 150 videos for Tamaulipas
2025-04-18 14:41:28,955 INFO Got 200 videos for Tamaulipas
2025-04-18 14:41:29,368 INFO Got 250 videos for Tamaulipas
2025-04-18 14:41:29,810 INFO Got 300 videos for Tamaulipas
2025-04-18 14:41:30,492 INFO Got 350 videos for Tamaulipas
2025-04-18 14:41:31,009 INFO Got 400 videos for Tamaulipas
2025-04-18 14:41:31,415 INFO Got 450 videos for Tamaulipas
2025-04-18 14:41:31,968 INFO Got 500 videos for Tamaulipas
2025-04-18 14:41:32,741 INFO Got 50 videos for Baja California
2025-04-18 14:41:33,258 INFO Got 100 videos for Baja California
2025-04-18 14:41:33,666 INFO Got 150 videos for Baja California
2025-04-18 14:41:34,038 INFO Got 200 videos for Baja California
2025-04-18 14:41:34,487 INFO Got 250 videos for Baja California
2025-04-18 14:41:34,991 INFO Got 300 videos for Baja California
2025-04-18 14:41:35,443 INFO Got 350 videos for Baja California
2025-04-18 14:41:35,594 ERROR Error getting videos by keyword Baja California: <HttpError 403 when requesting https://youtube.googleapis.com/youtube/v3/search?part=snippet&q=Baja+California&publishedBefore=2022-12-31T23%3A59%3A59Z&publishedAfter=2022-01-01T00%3A00%3A00Z&safeSearch=none&type=video&maxResults=100&pageToken=CN4CEAA&key=AIzaSyA4xP91ZHU6_-zNbS2Hs_xxA7N66ZUnXUo&alt=json returned "The request cannot be completed because you have exceeded your <a href="/youtube/v3/getting-started#quota">quota</a>.". Details: "[{'message': 'The request cannot be completed because you have exceeded your <a href="/youtube/v3/getting-started#quota">quota</a>.', 'domain': 'youtube.quota', 'reason': 'quotaExceeded'}]">
2025-04-18 14:41:35,684 ERROR Error getting videos by keyword Zacatecas: <HttpError 403 when requesting https://youtube.googleapis.com/youtube/v3/search?part=snippet&q=Zacatecas&publishedBefore=2022-12-31T23%3A59%3A59Z&publishedAfter=2022-01-01T00%3A00%3A00Z&safeSearch=none&type=video&maxResults=100&key=AIzaSyA4xP91ZHU6_-zNbS2Hs_xxA7N66ZUnXUo&alt=json returned "The request cannot be completed because you have exceeded your <a href="/youtube/v3/getting-started#quota">quota</a>.". Details: "[{'message': 'The request cannot be completed because you have exceeded your <a href="/youtube/v3/getting-started#quota">quota</a>.', 'domain': 'youtube.quota', 'reason': 'quotaExceeded'}]">
2025-04-18 14:41:35,775 ERROR Error getting videos by keyword Colima: <HttpError 403 when requesting https://youtube.googleapis.com/youtube/v3/search?part=snippet&q=Colima&publishedBefore=2022-12-31T23%3A59%3A59Z&publishedAfter=2022-01-01T00%3A00%3A00Z&safeSearch=none&type=video&maxResults=100&key=AIzaSyA4xP91ZHU6_-zNbS2Hs_xxA7N66ZUnXUo&alt=json returned "The request cannot be completed because you have exceeded your <a href="/youtube/v3/getting-started#quota">quota</a>.". Details: "[{'message': 'The request cannot be completed because you have exceeded your <a href="/youtube/v3/getting-started#quota">quota</a>.', 'domain': 'youtube.quota', 'reason': 'quotaExceeded'}]">
2025-04-18 14:41:35,971 ERROR Error getting videos by keyword Jalisco: <HttpError 403 when requesting https://youtube.googleapis.com/youtube/v3/search?part=snippet&q=Jalisco&publishedBefore=2022-12-31T23%3A59%3A59Z&publishedAfter=2022-01-01T00%3A00%3A00Z&safeSearch=none&type=video&maxResults=100&key=AIzaSyA4xP91ZHU6_-zNbS2Hs_xxA7N66ZUnXUo&alt=json returned "The request cannot be completed because you have exceeded your <a href="/youtube/v3/getting-started#quota">quota</a>.". Details: "[{'message': 'The request cannot be completed because you have exceeded your <a href="/youtube/v3/getting-started#quota">quota</a>.', 'domain': 'youtube.quota', 'reason': 'quotaExceeded'}]">
2025-04-18 14:53:25,978 INFO Got 482 videos for Chihuahua from mongo
2025-04-18 14:54:32,347 INFO Got 488 videos for Guerrero from mongo
2025-04-18 14:55:26,833 INFO Got 488 videos for Tamaulipas from mongo
2025-04-18 15:38:36,787 WARNING Logger yt_client was configured with True console stream
2025-04-18 15:38:37,056 INFO Got 221 videos for Guanajuato from mongo
2025-04-18 16:03:14,056 WARNING Logger yt_client was configured with True console stream
2025-04-18 16:03:14,318 INFO Got 221 videos for Guanajuato from mongo
2025-04-18 16:05:04,532 INFO Got 242 videos for Michoacán from mongo
2025-04-18 16:07:47,462 INFO Got 223 videos for Sinaloa from mongo
2025-04-18 16:11:58,161 INFO Got 482 videos for Chihuahua from mongo
2025-04-18 16:17:55,334 INFO Got 488 videos for Guerrero from mongo
2025-04-18 16:24:35,048 INFO Got 488 videos for Tamaulipas from mongo
2025-04-18 16:27:40,500 INFO Got 50 videos for Baja California
2025-04-18 16:27:40,985 INFO Got 100 videos for Baja California
2025-04-18 16:27:41,493 INFO Got 150 videos for Baja California
2025-04-18 16:27:42,100 INFO Got 200 videos for Baja California
2025-04-18 16:27:42,639 INFO Got 250 videos for Baja California
2025-04-18 16:27:43,177 INFO Got 300 videos for Baja California
2025-04-18 16:27:43,613 INFO Got 350 videos for Baja California
2025-04-18 16:27:44,320 INFO Got 400 videos for Baja California
2025-04-18 16:27:44,852 INFO Got 450 videos for Baja California
2025-04-18 16:27:45,383 INFO Got 500 videos for Baja California
2025-04-18 16:27:46,267 INFO Got 50 videos for Zacatecas
2025-04-18 16:27:46,884 INFO Got 100 videos for Zacatecas
2025-04-18 16:27:47,493 INFO Got 150 videos for Zacatecas
2025-04-18 16:27:48,111 INFO Got 200 videos for Zacatecas
2025-04-18 16:27:48,723 INFO Got 250 videos for Zacatecas
2025-04-18 16:27:49,237 INFO Got 300 videos for Zacatecas
2025-04-18 16:27:49,806 INFO Got 350 videos for Zacatecas
2025-04-18 16:27:50,374 INFO Got 400 videos for Zacatecas
2025-04-18 16:27:50,994 INFO Got 450 videos for Zacatecas
2025-04-18 16:27:51,598 INFO Got 500 videos for Zacatecas
2025-04-18 16:27:52,498 INFO Got 50 videos for Colima
2025-04-18 16:27:52,922 INFO Got 100 videos for Colima
2025-04-18 16:27:53,342 INFO Got 150 videos for Colima
2025-04-18 16:27:53,845 INFO Got 200 videos for Colima
2025-04-18 16:27:54,372 INFO Got 250 videos for Colima
2025-04-18 16:27:54,956 INFO Got 300 videos for Colima
2025-04-18 16:27:55,478 INFO Got 350 videos for Colima
2025-04-18 16:27:55,993 INFO Got 400 videos for Colima
2025-04-18 16:27:56,709 INFO Got 450 videos for Colima
2025-04-18 16:27:57,432 INFO Got 500 videos for Colima
2025-04-18 16:27:58,247 INFO Got 50 videos for Jalisco
2025-04-18 16:27:58,758 INFO Got 100 videos for Jalisco
2025-04-18 16:27:59,255 INFO Got 150 videos for Jalisco
2025-04-18 16:27:59,691 INFO Got 200 videos for Jalisco
2025-04-18 16:28:00,204 INFO Got 250 videos for Jalisco
2025-04-18 16:28:00,668 INFO Got 300 videos for Jalisco
2025-04-18 16:28:01,069 INFO Got 350 videos for Jalisco
2025-04-18 16:28:01,568 INFO Got 400 videos for Jalisco
2025-04-18 16:28:02,159 INFO Got 450 videos for Jalisco
2025-04-18 16:28:02,705 INFO Got 500 videos for Jalisco
2025-04-18 16:39:49,090 WARNING Logger yt_client was configured with True console stream
2025-04-18 16:39:49,396 INFO Got 466 videos for Baja California from mongo
2025-04-18 16:42:48,706 INFO Got 493 videos for Zacatecas from mongo
2025-04-18 16:47:38,342 INFO Got 450 videos for Colima from mongo
2025-04-18 16:50:00,092 INFO Got 487 videos for Jalisco from mongo
